     0  5.508193708484260753e+01  1.5382667262e-03  5.5546448194e-02
     1  6.600875965230673614e+01  1.5363579404e-03  5.5587514263e-02
     2  7.693122849159709631e+01  1.5231539246e-03  5.5745507633e-02
     3  8.785550168358301448e+01  1.5210096238e-03  5.5800091130e-02
     4  9.877442238602820623e+01  1.5084585077e-03  5.5951948471e-02
     5  1.096963239250035116e+02  1.5061125209e-03  5.6019339908e-02
     6  1.206125469778420012e+02  1.4947351307e-03  5.6161319189e-02
     7  1.315319360737993293e+02  1.4922201997e-03  5.6240341569e-02
     8  1.424459738424887973e+02  1.4824027577e-03  5.6369443533e-02
     9  1.533625721563257400e+02  1.4797452534e-03  5.6458399796e-02
    10  1.642747864493516943e+02  1.4717511510e-03  5.6571985724e-02
    11  1.751883818740810739e+02  1.4689632994e-03  5.6668565948e-02
    12  1.860991915064921898e+02  1.4629384840e-03  5.6764052245e-02
    13  1.970098508951003282e+02  1.4600056883e-03  5.6865169692e-02
    14  2.079199390020395413e+02  1.4559749582e-03  5.6939816998e-02
    15  2.188282152364245405e+02  1.4528342524e-03  5.7041310400e-02
    16  2.297387139331123649e+02  1.4506910076e-03  5.7092177822e-02
    17  2.406458269120816453e+02  1.4471953085e-03  5.7188262395e-02
    18  2.515584483689278841e+02  1.4466944452e-03  5.7212496810e-02
    19  2.624664099336534377e+02  1.4425594661e-03  5.7294836464e-02
    20  2.733834805937589749e+02  1.4433317963e-03  5.7290550332e-02
    21  2.842951218586974278e+02  1.4380780874e-03  5.7347154207e-02
    22  2.952194676742747106e+02  1.4396861968e-03  5.7314912833e-02
    23  3.061383149222504585e+02  1.4326287856e-03  5.7330088004e-02
    24  3.170729564329847676e+02  1.4346603873e-03  5.7274070425e-02
    25  3.280028961403103835e+02  1.4250343784e-03  5.7231278022e-02
    26  3.389505638683331767e+02  1.4271846665e-03  5.7158461167e-02
    27  3.498952712428440464e+02  1.4144330933e-03  5.7045616643e-02
    28  3.608578401329576195e+02  1.4165246876e-03  5.6963173917e-02
    29  3.718200565211312778e+02  1.4006066646e-03  5.6776948232e-02
    30  3.827980711324596541e+02  1.4025563521e-03  5.6690273363e-02
    31  3.937789568722520244e+02  1.3840568086e-03  5.6436920138e-02
    32  4.047714122824682477e+02  1.3858334398e-03  5.6349354924e-02
    33  4.157702322392929659e+02  1.3658031876e-03  5.6042362469e-02
    34  4.267746683527274172e+02  1.3673995309e-03  5.5955784950e-02
    35  4.377889092891141445e+02  1.3470698224e-03  5.5612216931e-02
    36  4.488017350407628783e+02  1.3484875513e-03  5.5527670895e-02
    37  4.598275265090965149e+02  1.3290518992e-03  5.5165180964e-02
    38  4.708444273078964102e+02  1.3302938640e-03  5.5083313424e-02
    39  4.818770389687562670e+02  1.3128238695e-03  5.4718805324e-02
    40  4.928933669226201459e+02  1.3138900130e-03  5.4640136931e-02
    41  5.039276288370131169e+02  1.2993184850e-03  5.4289797565e-02
    42  5.149387639032989910e+02  1.3002037930e-03  5.4214887463e-02
    43  5.259693941554613730e+02  1.2892642098e-03  5.3894615746e-02
    44  5.369711218396267896e+02  1.2899580202e-03  5.3824162896e-02
    45  5.479930476479757999e+02  1.2830085611e-03  5.3549300452e-02
    46  5.589819911077225925e+02  1.2834949356e-03  5.3484201403e-02
    47  5.699907735269495106e+02  1.2802664584e-03  5.3267874102e-02
    48  5.809648417248712349e+02  1.2805255093e-03  5.3209241639e-02
    49  5.919572324742359797e+02  1.2799795999e-03  5.3059652831e-02
    50  6.029159414300079334e+02  1.2799897788e-03  5.3008792385e-02
    51  6.138904227372255491e+02  1.2805022370e-03  5.2927038458e-02
    52  6.248349130829576552e+02  1.2802435764e-03  5.2885380294e-02
    53  6.357919371323896485e+02  1.2801028441e-03  5.2865461351e-02
    54  6.467246245150799950e+02  1.2795608299e-03  5.2834454855e-02
    55  6.576663663290775048e+02  1.2774846856e-03  5.2865596476e-02
    56  6.685903476054878638e+02  1.2766539386e-03  5.2846583111e-02
    57  6.795200659574528572e+02  1.2720341084e-03  5.2916385289e-02
    58  6.904385001053382211e+02  1.2709208289e-03  5.2910473029e-02
    59  7.013597912468774211e+02  1.2637641369e-03  5.3007351232e-02
    60  7.122754268249130973e+02  1.2623865732e-03  5.3015311974e-02
    61  7.231916217228118740e+02  1.2531065122e-03  5.3129691059e-02
    62  7.341065353934952782e+02  1.2514933348e-03  5.3151894186e-02
    63  7.450203450055622625e+02  1.2407007228e-03  5.3276413179e-02
    64  7.559358732382669359e+02  1.2388877069e-03  5.3312796909e-02
    65  7.668492677770229875e+02  1.2272448565e-03  5.3441990527e-02
    66  7.777660786341186849e+02  1.2252704731e-03  5.3492062411e-02
    67  7.886803362046632628e+02  1.2134108097e-03  5.3621866410e-02
    68  7.995985856250506458e+02  1.2113111884e-03  5.3684718566e-02
    69  8.105144417859730765e+02  1.1998034314e-03  5.3811976424e-02
    70  8.214339705525634372e+02  1.1976067741e-03  5.3886300084e-02
    71  8.323518153424911361e+02  1.1869421836e-03  5.4008333079e-02
    72  8.432723570899378274e+02  1.1846621929e-03  5.4092418816e-02
    73  8.541924432523801443e+02  1.1752493214e-03  5.4206665881e-02
    74  8.651138246058706045e+02  1.1728765943e-03  5.4298376707e-02
    75  8.760364630665236518e+02  1.1650337947e-03  5.4402096636e-02
    76  8.869587822251909301e+02  1.1625234168e-03  5.4498795695e-02
    77  8.978845064744355113e+02  1.1564640088e-03  5.4588840739e-02
    78  9.088082764159979661e+02  1.1537168122e-03  5.4687237411e-02
    79  9.197379570930509090e+02  1.1495266362e-03  5.4759953456e-02
    80  9.306641957320729261e+02  1.1463612358e-03  5.4855799502e-02
    81  9.415990828748896320e+02  1.1439751796e-03  5.4907184912e-02
    82  9.525293278905636498e+02  1.1400898962e-03  5.4994736500e-02
    83  9.634709954002732957e+02  1.1392830525e-03  5.5021065000e-02
    84  9.744072200769908250e+02  1.1342157725e-03  5.5092355672e-02
    85  9.853573920008959703e+02  1.1346305691e-03  5.5091386243e-02
    86  9.963018046586832952e+02  1.1277452978e-03  5.5135837422e-02
    87  1.007262065102435599e+03  1.1289647363e-03  5.5108227403e-02
    88  1.018216792835529873e+03  1.1195148905e-03  5.5113693865e-02
    89  1.029188224850694951e+03  1.1211577969e-03  5.5063476280e-02
    90  1.040154917304393393e+03  1.1084552124e-03  5.5019172704e-02
    91  1.051137763309711545e+03  1.1102430660e-03  5.4952459508e-02
    92  1.062117200806193296e+03  1.0938773104e-03  5.4852169814e-02
    93  1.073110646977732131e+03  1.0956446667e-03  5.4775013676e-02
    94  1.084102467383850581e+03  1.0756335856e-03  5.4618453637e-02
    95  1.095104608107382091e+03  1.0772983847e-03  5.4535520038e-02
    96  1.106107236833438037e+03  1.0541015548e-03  5.4327588486e-02
    97  1.117115204842142248e+03  1.0556265103e-03  5.4242021028e-02
    98  1.128125986602473631e+03  1.0300667946e-03  5.3991169659e-02
    99  1.139136185606186928e+03  1.0314317542e-03  5.3905017207e-02
   100  1.150151636196695563e+03  1.0046198258e-03  5.3621952060e-02
   101  1.161160015964258037e+03  1.0058083724e-03  5.3536626359e-02
   102  1.172176101610035403e+03  9.7911556508e-04  5.3233863178e-02
   103  1.183178460842275626e+03  9.8011025073e-04  5.3150472410e-02
   104  1.194190866525798356e+03  9.5514687331e-04  5.2842539731e-02
   105  1.205183211977306428e+03  9.5592818246e-04  5.2762109105e-02
   106  1.216187627321856098e+03  9.3441353607e-04  5.2465624589e-02
   107  1.227166620178138373e+03  9.3496066618e-04  5.2389235258e-02
   108  1.238159112629491801e+03  9.1837191339e-04  5.2121840788e-02
   109  1.249122574000958821e+03  9.1866471554e-04  5.2050706419e-02
   110  1.260100095942937742e+03  9.0770382591e-04  5.1828341382e-02
   111  1.271047437184485261e+03  9.0772526904e-04  5.1763830876e-02
   112  1.282008391367518925e+03  9.0190843045e-04  5.1597220671e-02
   113  1.292940767714825824e+03  9.0164696127e-04  5.1540830231e-02
   114  1.303885393995363756e+03  8.9938910452e-04  5.1433263640e-02
   115  1.314805457784759028e+03  8.9884069490e-04  5.1386542183e-02
   116  1.325735792002204334e+03  8.9804972054e-04  5.1334359456e-02
   117  1.336647118880062862e+03  8.9721970390e-04  5.1298797682e-02
   118  1.347566495869663640e+03  8.9599739036e-04  5.1293975286e-02
   119  1.358472904764375699e+03  8.9490189272e-04  5.1270878048e-02
   120  1.369385229358469132e+03  8.9196291546e-04  5.1303952954e-02
   121  1.380290209113791889e+03  8.9062921420e-04  5.1294320743e-02
   122  1.391199276898662447e+03  8.8536795616e-04  5.1356416137e-02
   123  1.402105627146925144e+03  8.8383312879e-04  5.1360859112e-02
   124  1.413014663473905557e+03  8.7618463522e-04  5.1444591545e-02
   125  1.423924355624894133e+03  8.7449239654e-04  5.1463288608e-02
   126  1.434835803854632559e+03  8.6474355724e-04  5.1562891074e-02
   127  1.445750012853111912e+03  8.6293974892e-04  5.1595592642e-02
   128  1.456665522279788092e+03  8.5157174156e-04  5.1706649353e-02
   129  1.467584765047856990e+03  8.4969917093e-04  5.1752711899e-02
   130  1.478505305368940299e+03  8.3728054905e-04  5.1871767643e-02
   131  1.489429629383238307e+03  8.3537373721e-04  5.1930203735e-02
   132  1.500355666209321043e+03  8.2249554573e-04  5.2054375339e-02
   133  1.511284847172491027e+03  8.2057560029e-04  5.2123904152e-02
   134  1.522216531093063395e+03  8.0781324324e-04  5.2250537880e-02
   135  1.533150253768912535e+03  8.0588269706e-04  5.2329625043e-02
   136  1.544087592792837086e+03  7.9377103512e-04  5.2456006213e-02
   137  1.555025599990318597e+03  7.9180819513e-04  5.2542885092e-02
   138  1.565968597534585797e+03  7.8082008367e-04  5.2665999124e-02
   139  1.576910798268608232e+03  7.7877224257e-04  5.2758665406e-02
   140  1.587859545978139295e+03  7.6929460739e-04  5.2875021916e-02
   141  1.598806076219796751e+03  7.6706940335e-04  5.2971187630e-02
   142  1.609760794464573110e+03  7.5937523143e-04  5.3076745168e-02
   143  1.620712024821982141e+03  7.5682960346e-04  5.3173727648e-02
   144  1.631673046272228021e+03  7.5104951562e-04  5.3263989355e-02
   145  1.642629532947704774e+03  7.4797642045e-04  5.3358502585e-02
   146  1.653597228747768895e+03  7.4407938613e-04  5.3428874547e-02
   147  1.664559609336641870e+03  7.4019433013e-04  5.3516709959e-02
   148  1.675534264850232375e+03  7.3799084319e-04  5.3563183623e-02
   149  1.686503109632902351e+03  7.3292387262e-04  5.3638858081e-02
   150  1.697484767392505319e+03  7.3210155173e-04  5.3658936979e-02
   151  1.708460407716160489e+03  7.2540462569e-04  5.3715557637e-02
   152  1.719448706128339154e+03  7.2559258036e-04  5.3709091479e-02
   153  1.730431069734840548e+03  7.1677281946e-04  5.3738788595e-02
   154  1.741425111743379148e+03  7.1761328750e-04  5.3708198317e-02
   155  1.752413595941784024e+03  7.0619428254e-04  5.3703229604e-02
   156  1.763411876884337289e+03  7.0739367265e-04  5.3652849989e-02
   157  1.774405282851577795e+03  6.9299391165e-04  5.3606962142e-02
   158  1.785405691418427296e+03  6.9433926639e-04  5.3541850939e-02
   159  1.796402229007275764e+03  6.7675413461e-04  5.3451315050e-02
   160  1.807402118816890834e+03  6.7810226514e-04  5.3376214939e-02
   161  1.818399476716110712e+03  6.5739041216e-04  5.3240380905e-02
   162  1.829395800800544748e+03  6.5864641845e-04  5.3159221549e-02
   163  1.840391269199076305e+03  6.3523504114e-04  5.2980895310e-02
   164  1.851380778889888006e+03  6.3633264965e-04  5.2896761578e-02
   165  1.862371415524977692e+03  6.1114216567e-04  5.2682699383e-02
   166  1.873350938589367161e+03  6.1203059980e-04  5.2598019874e-02
   167  1.884333782060862632e+03  5.8656194770e-04  5.2359406773e-02
   168  1.895300593052118074e+03  5.8719942216e-04  5.2276182453e-02
   169  1.906272940645187646e+03  5.6344758573e-04  5.2028437411e-02
   170  1.917225199610000800e+03  5.6379991002e-04  5.1948434383e-02
   171  1.928184963132245002e+03  5.4384793224e-04  5.1709535846e-02
   172  1.939122127201368357e+03  5.4389021091e-04  5.1634423795e-02
   173  1.950068235364682550e+03  5.2922367788e-04  5.1421664735e-02
   174  1.960991287442082466e+03  5.2894288076e-04  5.1353097472e-02
   175  1.971924018529392242e+03  5.1983943175e-04  5.1179510842e-02
   176  1.982835383011330578e+03  5.1923603700e-04  5.1119144516e-02
   177  1.993756459564199531e+03  5.1466042663e-04  5.0991446043e-02
   178  2.004659602576070938e+03  5.1374856427e-04  5.0940894598e-02
   179  2.015571951825363840e+03  5.1182065808e-04  5.0859780380e-02
   180  2.026470802448138102e+03  5.1062723385e-04  5.0820521804e-02
   181  2.037378051339348531e+03  5.0931250722e-04  5.0782581963e-02
   182  2.048276429068271227e+03  5.0787577920e-04  5.0755843950e-02
   183  2.059182319528689277e+03  5.0551059277e-04  5.0755753342e-02
   184  2.070083504710722536e+03  5.0387807472e-04  5.0742412121e-02
   185  2.080991406323992578e+03  4.9939043870e-04  5.0774529278e-02
   186  2.091897906105035872e+03  4.9761578039e-04  5.0775047402e-02
   187  2.102810516715421727e+03  4.9051273623e-04  5.0834240596e-02
   188  2.113724011146517569e+03  4.8865158186e-04  5.0848653802e-02
   189  2.124643248885442972e+03  4.7889836372e-04  5.0930547210e-02
   190  2.135564666736013351e+03  4.7700366100e-04  5.0958495150e-02
   191  2.146491706857578265e+03  4.6488337362e-04  5.1059393479e-02
   192  2.157421373263990972e+03  4.6300080039e-04  5.1100179712e-02
   193  2.168356769298613926e+03  4.4899465959e-04  5.1216860880e-02
   194  2.179294576389617760e+03  4.4715870447e-04  5.1269525189e-02
   195  2.190238413005776692e+03  4.3185594899e-04  5.1399006591e-02
   196  2.201183979873010685e+03  4.3008689266e-04  5.1462395434e-02
   197  2.212136020850046862e+03  4.1412006179e-04  5.1601721320e-02
   198  2.223088823925343149e+03  4.1242182946e-04  5.1674546982e-02
   199  2.234048634380808835e+03  3.9641968494e-04  5.1820614625e-02
   200  2.245008100363547328e+03  3.9477835783e-04  5.1901497845e-02
   201  2.255975134318513483e+03  3.7932961286e-04  5.2050929357e-02
   202  2.266940694865439582e+03  3.7771229329e-04  5.2138422436e-02
   203  2.277914346956946247e+03  3.6333563624e-04  5.2287488347e-02
   204  2.288885458367699812e+03  3.6168930732e-04  5.2380075636e-02
   205  2.299865083012776722e+03  3.4880780197e-04  5.2524679283e-02
   206  2.310841216389283090e+03  3.4705775927e-04  5.2620749592e-02
   207  2.321826120195958993e+03  3.3597804062e-04  5.2756483812e-02
   208  2.332806729000971700e+03  3.3402536745e-04  5.2854265353e-02
   209  2.343796143604799454e+03  3.2492370599e-04  5.2976552678e-02
   210  2.354780616654295955e+03  3.2264111898e-04  5.3073996639e-02
   211  2.365773659865882564e+03  3.1555897875e-04  5.3178320781e-02
   212  2.376761268563356680e+03  3.1278424857e-04  5.3272917165e-02
   213  2.387756901844077220e+03  3.0763520338e-04  5.3355148095e-02
   214  2.398746750684209019e+03  3.0416144853e-04  5.3443663198e-02
   215  2.409743740563387746e+03  3.0074952747e-04  5.3500470182e-02
   216  2.420734729475341737e+03  2.9631245917e-04  5.3578621971e-02
   217  2.431731619822822722e+03  2.9435999252e-04  5.3607951385e-02
   218  2.442722425934140119e+03  2.8862464926e-04  5.3670106191e-02
   219  2.453717527507418708e+03  2.8780645260e-04  5.3671655867e-02
   220  2.464706612586013762e+03  2.8036155589e-04  5.3710744439e-02
   221  2.475698016490341615e+03  2.8034197751e-04  5.3686281442e-02
   222  2.486683664472003329e+03  2.7071918110e-04  5.3694242242e-02
   223  2.497669287733833698e+03  2.7118742991e-04  5.3647537257e-02
   224  2.508649674567947386e+03  2.5893154277e-04  5.3616558848e-02
   225  2.519627350684934299e+03  2.5962751583e-04  5.3552793809e-02
   226  2.530600648639390329e+03  2.4444311932e-04  5.3477311881e-02
   227  2.541568282367709344e+03  2.4516636197e-04  5.3402115730e-02
   228  2.552532802640688260e+03  2.2714328821e-04  5.3281014571e-02
   229  2.563488602574308970e+03  2.2774707586e-04  5.3199547149e-02
   230  2.574442975313738771e+03  2.0760536455e-04  5.3037704601e-02
   231  2.585385749276471870e+03  2.0798549756e-04  5.2954161635e-02
   232  2.596329127990021789e+03  1.8718740597e-04  5.2762598046e-02
   233  2.607258585950250563e+03  1.8727295819e-04  5.2680203550e-02
   234  2.618190851098778239e+03  1.6781173190e-04  5.2474503890e-02
   235  2.629107825631416745e+03  1.6755980294e-04  5.2395781573e-02
   236  2.640029746390069249e+03  1.5137678944e-04  5.2193117004e-02
   237  2.650936236156622726e+03  1.5077012608e-04  5.2120187311e-02
   238  2.661849531382354598e+03  1.3904445132e-04  5.1936015741e-02
   239  2.672748520467619073e+03  1.3808958092e-04  5.1870778489e-02
   240  2.683655763316294269e+03  1.3081196540e-04  5.1716518976e-02
   241  2.694550851310136295e+03  1.2953617233e-04  5.1660700076e-02
   242  2.705455206092045955e+03  1.2559859389e-04  5.1543032708e-02
   243  2.716350150455350558e+03  1.2404563625e-04  5.1498136210e-02
   244  2.727254996454496904e+03  1.2172127706e-04  5.1419647636e-02
   245  2.738153284406361763e+03  1.1994658625e-04  5.1386870219e-02
   246  2.749061824725427414e+03  1.1744729427e-04  5.1347290079e-02
   247  2.759966360324865946e+03  1.1551320978e-04  5.1327445765e-02
   248  2.770881308542598163e+03  1.1138797447e-04  5.1324829082e-02
   249  2.781794248857557250e+03  1.0935914479e-04  5.1318312512e-02
   250  2.792717644376327826e+03  1.0267041191e-04  5.1349872965e-02
   251  2.803640372569951069e+03  1.0060941519e-04  5.1356669399e-02
   252  2.814573526873648007e+03  9.0938526253e-05  5.1419247048e-02
   253  2.825506723123673964e+03  8.8901934428e-05  5.1438981910e-02
   254  2.836450266098271641e+03  7.6262847534e-05  5.1529250092e-02
   255  2.847394030543087410e+03  7.4298068249e-05  5.1561262936e-02
   256  2.858348014471346687e+03  5.9020231988e-05  5.1675790399e-02
   257  2.869302003544634772e+03  5.7163387156e-05  5.1719217032e-02
   258  2.880266026866868287e+03  3.9777918264e-05  5.1854469147e-02
   259  2.891229577424446688e+03  3.8052821688e-05  5.1908318866e-02
   260  2.902202902123781769e+03  1.9196637968e-05  5.2060645124e-02
   261  2.913175130616873957e+03  1.7614730616e-05  5.2123864851e-02
   262  2.924156779382340119e+03  2.0434357171e-06  5.2289492819e-02
   263  2.935136652968796625e+03  3.4824773566e-06  5.2361014224e-02
   264  2.946125481739182305e+03  2.3295140628e-05  5.2536053741e-02
   265  2.957111864039921784e+03  2.4602479182e-05  5.2614822323e-02
   266  2.968106611386879194e+03  4.3978392711e-05  5.2795275416e-02
   267  2.979098288265104657e+03  4.5175165968e-05  5.2880261729e-02
   268  2.990097605944964926e+03  6.3599772050e-05  5.3062030765e-02
   269  3.001093297274194811e+03  6.4716675116e-05  5.3152223694e-02
   270  3.012095767176700065e+03  8.1761784646e-05  5.3331111271e-02
   271  3.023094130042809866e+03  8.2839507145e-05  5.3425491543e-02
   272  3.034098272616907252e+03  9.8166075368e-05  5.3597189814e-02
   273  3.045097900495415161e+03  9.9257080214e-05  5.3694678595e-02
   274  3.056102179215936303e+03  1.1261490152e-04  5.3854753527e-02
   275  3.067101600864793454e+03  1.1378720280e-04  5.3954125236e-02
   276  3.078104426851627522e+03  1.2501505710e-04  5.4098013752e-02
   277  3.089102108276396848e+03  1.2635896057e-04  5.4197752900e-02
   278  3.100101849019103611e+03  1.3538798585e-04  5.4320809984e-02
   279  3.111096202109179558e+03  1.3702720323e-04  5.4418878191e-02
   280  3.122091198432487545e+03  1.4388864896e-04  5.4516538673e-02
   281  3.133080600863460859e+03  1.4599760903e-04  5.4610004349e-02
   282  3.144069196638178710e+03  1.5083306863e-04  5.4678156604e-02
   283  3.155052029350007615e+03  1.5366179883e-04  5.4762651089e-02
   284  3.166032618611319322e+03  1.5672917072e-04  5.4798330979e-02
   285  3.177007329026534535e+03  1.6063329028e-04  5.4867408367e-02
   286  3.187978424571642336e+03  1.6229639096e-04  5.4869826955e-02
   287  3.198943623725936959e+03  1.6775739573e-04  5.4914642786e-02
   288  3.209903949786707472e+03  1.6844685555e-04  5.4886220608e-02
   289  3.220858545729833622e+03  1.7604365464e-04  5.4896402460e-02
   290  3.231807155789450462e+03  1.7619020801e-04  5.4842970824e-02
   291  3.242750511227101470e+03  1.8646349176e-04  5.4809305066e-02
   292  3.253686930174918416e+03  1.8642972843e-04  5.4738748395e-02
   293  3.264619015769052112e+03  1.9961481256e-04  5.4656705492e-02
   294  3.275543396892847795e+03  1.9965995584e-04  5.4576714634e-02
   295  3.286464905924191044e+03  2.1537623015e-04  5.4448660449e-02
   296  3.297378171383158133e+03  2.1566146236e-04  5.4365264149e-02
   297  3.308290567659995304e+03  2.3275979555e-04  5.4200298345e-02
   298  3.319194479113330999e+03  2.3337217819e-04  5.4117770143e-02
   299  3.330099958507222709e+03  2.5012630813e-04  5.3929770912e-02
   300  3.340997067221891939e+03  2.5110023716e-04  5.3851196921e-02
   301  3.351898423217122854e+03  2.6574108364e-04  5.3656136390e-02
   302  3.362791882041620283e+03  2.6707202138e-04  5.3583929192e-02
   303  3.373692282555284237e+03  2.7842214706e-04  5.3397330900e-02
   304  3.384585548231846133e+03  2.8007603669e-04  5.3333484167e-02
   305  3.395488253333212015e+03  2.8795161790e-04  5.3168570491e-02
   306  3.406384743078046085e+03  2.8987337102e-04  5.3114720502e-02
   307  3.417292811517490009e+03  2.9507167022e-04  5.2981439650e-02
   308  3.428195587332322248e+03  2.9719356863e-04  5.2938841517e-02
   309  3.439111623825859624e+03  3.0113831015e-04  5.2843663673e-02
   310  3.450023161180886746e+03  3.0338766240e-04  5.2813157457e-02
   311  3.460949143600421394e+03  3.0765609202e-04  5.2759378859e-02
   312  3.471871209536287097e+03  3.0996141680e-04  5.2741383021e-02
   313  3.482808411760814579e+03  3.1589629354e-04  5.2729673565e-02
   314  3.493742046153892261e+03  3.1819179496e-04  5.2724215922e-02
   315  3.504691048476704509e+03  3.2668969614e-04  5.2753223159e-02
   316  3.515636621834133166e+03  3.2891816636e-04  5.2760003087e-02
