     0  6.135079710733307934e+01  3.5290364160e-03  4.3723617249e-02
     1  8.360831209292541644e+01  3.5285731410e-03  4.3723469972e-02
     2  1.058659989991060542e+02  3.5280787864e-03  4.3724088793e-02
     3  1.281237751190944607e+02  3.5275976871e-03  4.3725182471e-02
     4  1.503816112133509932e+02  3.5271722662e-03  4.3726408372e-02
     5  1.726395072616228958e+02  3.5268389358e-03  4.3727414969e-02
     6  1.948974647733661527e+02  3.5266234117e-03  4.3727883607e-02
     7  2.171554578692503128e+02  3.5265348037e-03  4.3727571437e-02
     8  2.394134055344409262e+02  3.5265578745e-03  4.3726357822e-02
     9  2.616711484713297864e+02  3.5266427775e-03  4.3724306396e-02
    10  2.839284350686838252e+02  3.5266926975e-03  4.3721806415e-02
    11  3.061849215008667215e+02  3.5265644295e-03  4.3719786089e-02
    12  3.284401998732180346e+02  3.5261217864e-03  4.3719139930e-02
    13  3.506938730197073255e+02  3.5252928010e-03  4.3720035528e-02
    14  3.729456462001254522e+02  3.5240680420e-03  4.3722516549e-02
    15  3.951954011010730596e+02  3.5224971600e-03  4.3726558189e-02
    16  4.174432339701610317e+02  3.5206773345e-03  4.3731931217e-02
    17  4.396894458932428620e+02  3.5187282130e-03  4.3738242004e-02
    18  4.619344972990837732e+02  3.5167699842e-03  4.3745020722e-02
    19  4.841789515556556012e+02  3.5149134622e-03  4.3751778416e-02
    20  5.064234247599280252e+02  3.5132586609e-03  4.3758024393e-02
    21  5.286685434021184165e+02  3.5118929344e-03  4.3763271745e-02
    22  5.509149006511948983e+02  3.5108811566e-03  4.3767068465e-02
    23  5.731630005852085787e+02  3.5102472290e-03  4.3769078491e-02
    24  5.954131900149920966e+02  3.5099569438e-03  4.3769197615e-02
    25  6.176655968779799650e+02  3.5099183922e-03  4.3767639637e-02
    26  6.399201068640928725e+02  3.5100064675e-03  4.3764920571e-02
    27  6.621763974825038304e+02  3.5100988505e-03  4.3761729098e-02
    28  6.844340178087646791e+02  3.5101039371e-03  4.3758744765e-02
    29  7.066924813766903526e+02  3.5099716442e-03  4.3756485172e-02
    30  7.289513428469040264e+02  3.5096904455e-03  4.3755229782e-02
    31  7.512102448716527761e+02  3.5092780399e-03  4.3755020114e-02
    32  7.734689354019308212e+02  3.5087710880e-03  4.3755706594e-02
    33  7.957272625394953138e+02  3.5082164285e-03  4.3757010825e-02
    34  8.179851553752115478e+02  3.5076642155e-03  4.3758585045e-02
    35  8.402425978361907255e+02  3.5071625345e-03  4.3760062827e-02
    36  8.624996004289571374e+02  3.5067527528e-03  4.3761101535e-02
    37  8.847561730311266501e+02  3.5064648315e-03  4.3761419142e-02
    38  9.070123009988270724e+02  3.5063119078e-03  4.3760827554e-02
    39  9.292679268419558412e+02  3.5062836293e-03  4.3759263494e-02
    40  9.515229402698696504e+02  3.5063380621e-03  4.3756819746e-02
    41  9.737771798535189873e+02  3.5063930808e-03  4.3753794822e-02
    42  9.960304488715536309e+02  3.5063231409e-03  4.3750800505e-02
    43  1.018282546551064002e+03  3.5059818237e-03  4.3748760157e-02
    44  1.040533316453111411e+03  3.5052639012e-03  4.3748321799e-02
    45  1.062782699852906717e+03  3.5041510494e-03  4.3749529078e-02
    46  1.085030762729390517e+03  3.5026988789e-03  4.3752183783e-02
    47  1.107277698054203029e+03  3.5009929453e-03  4.3755994172e-02
    48  1.129523822738552099e+03  3.4991145354e-03  4.3760657973e-02
    49  1.151769563395561590e+03  3.4971405105e-03  4.3765896209e-02
    50  1.174015425116165034e+03  3.4951595518e-03  4.3771393489e-02
    51  1.196261952139509503e+03  3.4932812436e-03  4.3776741455e-02
    52  1.218509684411716989e+03  3.4916297296e-03  4.3781440494e-02
    53  1.240759103939988108e+03  3.4903199086e-03  4.3784970347e-02
    54  1.263010566832655513e+03  3.4894204857e-03  4.3786925616e-02
    55  1.285264232553437751e+03  3.4889222866e-03  4.3787170345e-02
    56  1.307520019695733708e+03  3.4887358897e-03  4.3785923174e-02
    57  1.329777616203711204e+03  3.4887236859e-03  4.3783710606e-02
    58  1.352036545207064592e+03  3.4887454968e-03  4.3781209994e-02
    59  1.374296259284007192e+03  3.4886929601e-03  4.3779059836e-02
    60  1.396556229553010098e+03  3.4885033271e-03  4.3777710290e-02
    61  1.418816008382133305e+03  3.4881570974e-03  4.3777354954e-02
    62  1.441075260169492594e+03  3.4876678230e-03  4.3777946370e-02
    63  1.463333764931126098e+03  3.4870704098e-03  4.3779262913e-02
    64  1.485591403596939244e+03  3.4864110313e-03  4.3780986446e-02
    65  1.507848133904323504e+03  3.4857394394e-03  4.3782767354e-02
    66  1.530103963739102028e+03  3.4851033321e-03  4.3784272303e-02
    67  1.552358926362499460e+03  3.4845440953e-03  4.3785218219e-02
    68  1.574613060080187097e+03  3.4840932625e-03  4.3785396773e-02
    69  1.596866393783564490e+03  3.4837692376e-03  4.3784692067e-02
    70  1.619118939245730417e+03  3.4835741175e-03  4.3783092236e-02
    71  1.641370690722950258e+03  3.4834908085e-03  4.3780694703e-02
    72  1.663621631897514362e+03  3.4834810054e-03  4.3777706539e-02
    73  1.685871749204457728e+03  3.4834849954e-03  4.3774448584e-02
    74  1.708121049145919187e+03  3.4834251252e-03  4.3771376292e-02
    75  1.730369576208706803e+03  3.4832168160e-03  4.3769065486e-02
    76  1.752617429209298734e+03  3.4827888639e-03  4.3767989138e-02
    77  1.774864774818855267e+03  3.4820995973e-03  4.3768255652e-02
    78  1.797111853110729953e+03  3.4811363285e-03  4.3769739823e-02
    79  1.819358971669659468e+03  3.4799109915e-03  4.3772281160e-02
    80  1.841606491301690539e+03  3.4784624765e-03  4.3775686700e-02
    81  1.863854805546272473e+03  3.4768628818e-03  4.3779675166e-02
    82  1.886104312497999899e+03  3.4752213413e-03  4.3783845881e-02
    83  1.908355375660232539e+03  3.4736765136e-03  4.3787696570e-02
    84  1.930608272416324553e+03  3.4723695533e-03  4.3790708301e-02
    85  1.952863136354541211e+03  3.4714010429e-03  4.3792488144e-02
    86  1.975119911121692894e+03  3.4707934727e-03  4.3792908723e-02
    87  1.997378338463124464e+03  3.4704845268e-03  4.3792163237e-02
    88  2.019637991918923717e+03  3.4703554220e-03  4.3790701542e-02
    89  2.041898346322416046e+03  3.4702745034e-03  4.3789084673e-02
    90  2.064158858915308429e+03  3.4701329167e-03  4.3787825803e-02
    91  2.086419038750282652e+03  3.4698620344e-03  4.3787269733e-02
    92  2.108678491405533805e+03  3.4694346674e-03  4.3787537366e-02
    93  2.130936937038489305e+03  3.4688569825e-03  4.3788540371e-02
    94  2.153194206975974794e+03  3.4681575232e-03  4.3790046042e-02
    95  2.175450226918701901e+03  3.4673771620e-03  4.3791755420e-02
    96  2.197704994532598903e+03  3.4665613653e-03  4.3793366428e-02
    97  2.219958557176701106e+03  3.4657547320e-03  4.3794614312e-02
    98  2.242210993134002820e+03  3.4649972677e-03  4.3795293833e-02
    99  2.264462397788094222e+03  3.4643218311e-03  4.3795269508e-02
   100  2.286712874942742019e+03  3.4637523225e-03  4.3794478243e-02
   101  2.308962532786070369e+03  3.4633023303e-03  4.3792926735e-02
   102  2.331211483649038200e+03  3.4629740638e-03  4.3790684966e-02
   103  2.353459846537371959e+03  3.4627574090e-03  4.3787877067e-02
   104  2.375707751346984423e+03  3.4626288503e-03  4.3784671815e-02
   105  2.397955343694413841e+03  3.4625499009e-03  4.3781278078e-02
   106  2.420202789432134978e+03  3.4624650739e-03  4.3777956658e-02
   107  2.442450278156506101e+03  3.4623016626e-03  4.3775061950e-02
   108  2.464698025074026191e+03  3.4619788311e-03  4.3773072511e-02
   109  2.486946269617478720e+03  3.4614344951e-03  4.3772429413e-02
   110  2.509195266518046083e+03  3.4606555259e-03  4.3773203278e-02
   111  2.531445267120501740e+03  3.4596748593e-03  4.3775078887e-02
   112  2.553696502380458242e+03  3.4585426691e-03  4.3777623858e-02
   113  2.575949172913482926e+03  3.4573179957e-03  4.3780442766e-02
   114  2.598203428804156374e+03  3.4560835116e-03  4.3783168314e-02
   115  2.620459333342875198e+03  3.4549462466e-03  4.3785441537e-02
   116  2.642716825868116302e+03  3.4540082605e-03  4.3786974223e-02
   117  2.664975700980631700e+03  3.4533261635e-03  4.3787647725e-02
   118  2.687235614903376245e+03  3.4528882066e-03  4.3787562589e-02
   119  2.709496120688548217e+03  3.4526221934e-03  4.3787002297e-02
   120  2.731756723711940140e+03  3.4524254064e-03  4.3786334463e-02
   121  2.754016942238546108e+03  3.4521978195e-03  4.3785899033e-02
   122  2.776276358197783793e+03  3.4518648167e-03  4.3785923354e-02
   123  2.798534649243488275e+03  3.4513857496e-03  4.3786481992e-02
   124  2.820791600559680319e+03  3.4507516268e-03  4.3787502930e-02
   125  2.843047100310644510e+03  3.4499773237e-03  4.3788810095e-02
   126  2.865301124981683188e+03  3.4490926837e-03  4.3790181394e-02
   127  2.887553720662515843e+03  3.4481348794e-03  4.3791399745e-02
   128  2.909804984720683478e+03  3.4471427723e-03  4.3792285303e-02
   129  2.932055050358851076e+03  3.4461531570e-03  4.3792709381e-02
   130  2.954304074941836916e+03  3.4451985038e-03  4.3792596014e-02
   131  2.976552231960321933e+03  3.4443057906e-03  4.3791916943e-02
   132  2.998799706001977938e+03  3.4434960596e-03  4.3790683896e-02
   133  3.021046689949361280e+03  3.4427843893e-03  4.3788940476e-02
   134  3.043293383650759552e+03  3.4421800034e-03  4.3786754929e-02
   135  3.065539993397038415e+03  3.4416862632e-03  4.3784214443e-02
   136  3.087786731610588504e+03  3.4413002873e-03  4.3781421357e-02
   137  3.110033816166875567e+03  3.4410119316e-03  4.3778491931e-02
   138  3.132281468689517624e+03  3.4408018222e-03  4.3775560563e-02
   139  3.154529910926897173e+03  3.4406381514e-03  4.3772800711e-02
   140  3.176779357809951762e+03  3.4404727470e-03  4.3770489389e-02
   141  3.199030005368269940e+03  3.4402413999e-03  4.3769073931e-02
   142  3.221282014873190292e+03  3.4398796800e-03  4.3768893116e-02
   143  3.243535500622876498e+03  3.4393468261e-03  4.3769747187e-02
   144  3.265790518790186979e+03  3.4386351391e-03  4.3771220379e-02
   145  3.288047049916945980e+03  3.4377750364e-03  4.3772985498e-02
   146  3.310304981656515338e+03  3.4368366494e-03  4.3774773695e-02
   147  3.332564099512221674e+03  3.4359149228e-03  4.3776365261e-02
   148  3.354824090238296321e+03  3.4350992031e-03  4.3777628697e-02
   149  3.377084560770947974e+03  3.4344418021e-03  4.3778547018e-02
   150  3.399345071859092513e+03  3.4339419525e-03  4.3779204529e-02
   151  3.421605180713593199e+03  3.4335517280e-03  4.3779740596e-02
   152  3.443864483748548082e+03  3.4331975700e-03  4.3780293422e-02
   153  3.466122650726792926e+03  3.4328049357e-03  4.3780955649e-02
   154  3.488379445004736226e+03  3.4323162159e-03  4.3781752543e-02
   155  3.510634729106784107e+03  3.4316985377e-03  4.3782642973e-02
